#
# A fatal error has been detected by the Java Runtime Environment:
#
#  EXCEPTION_ACCESS_VIOLATION (0xc0000005) at pc=0x00007fffeb4682d7, pid=16620, tid=12464
#
# JRE version: OpenJDK Runtime Environment Zulu17.50+19-CA (17.0.11+9) (build 17.0.11+9-LTS)
# Java VM: OpenJDK 64-Bit Server VM Zulu17.50+19-CA (17.0.11+9-LTS, mixed mode, sharing, tiered, compressed oops, compressed class ptrs, g1 gc, windows-amd64)
# Problematic frame:
# C  [glass.dll+0x282d7]
#
# No core dump will be written. Minidumps are not enabled by default on client versions of Windows
#
# If you would like to submit a bug report, please visit:
#   http://www.azul.com/support/
#

---------------  S U M M A R Y ------------

Command Line: -agentlib:jdwp=transport=dt_socket,address=127.0.0.1:64694,suspend=y,server=n -javaagent:C:\Users\lebed\AppData\Local\JetBrains\IdeaIC2024.1\captureAgent\debugger-agent.jar -Dfile.encoding=UTF-8 --module-path=C:\Users\lebed\.m2\repository\org\openjfx\javafx-fxml\17.0.6\javafx-fxml-17.0.6-win.jar;C:\Users\lebed\.m2\repository\io\github\java-native\jssc\2.9.6\jssc-2.9.6.jar;C:\Users\lebed\.m2\repository\org\codehaus\woodstox\stax2-api\4.2.2\stax2-api-4.2.2.jar;C:\Users\lebed\.m2\repository\org\openjfx\javafx-graphics\17.0.6\javafx-graphics-17.0.6-win.jar;C:\Users\lebed\.m2\repository\org\scijava\native-lib-loader\2.5.0\native-lib-loader-2.5.0.jar;C:\Users\lebed\.m2\repository\org\kordamp\ikonli\ikonli-javafx\12.3.1\ikonli-javafx-12.3.1.jar;C:\Users\lebed\.m2\repository\com\fasterxml\woodstox\woodstox-core\6.6.1\woodstox-core-6.6.1.jar;C:\Users\lebed\.m2\repository\org\slf4j\slf4j-api\1.7.32\slf4j-api-1.7.32.jar;C:\Users\lebed\.m2\repository\org\openjfx\javafx-base\17.0.6\javafx-base-17.0.6-win.jar;C:\Users\lebed\.m2\repository\com\fasterxml\jackson\dataformat\jackson-dataformat-xml\2.17.0\jackson-dataformat-xml-2.17.0.jar;D:\Projects\JAVA\TechnopromProjectsJava\MMSD_AL\target\classes;C:\Users\lebed\.m2\repository\com\fasterxml\jackson\core\jackson-annotations\2.17.0\jackson-annotations-2.17.0.jar;C:\Users\lebed\.m2\repository\com\fasterxml\jackson\core\jackson-core\2.17.0\jackson-core-2.17.0.jar;C:\Users\lebed\.m2\repository\org\xerial\sqlite-jdbc\3.45.3.0\sqlite-jdbc-3.45.3.0.jar;C:\Users\lebed\.m2\repository\org\openjfx\javafx-controls\17.0.6\javafx-controls-17.0.6-win.jar;C:\Users\lebed\.m2\repository\org\controlsfx\controlsfx\11.1.2\controlsfx-11.1.2.jar;C:\Users\lebed\.m2\repository\com\fasterxml\jackson\core\jackson-databind\2.17.0\jackson-databind-2.17.0.jar;C:\Users\lebed\.m2\repository\org\kordamp\bootstrapfx\bootstrapfx-core\0.4.0\bootstrapfx-core-0.4.0.jar;C:\Users\lebed\.m2\repository\com\intelligt\modbus\jlibmodbus\1.2.9.9\jlibmodbus-1.2.9.9.jar;C:\Users\lebed\.m2\repository\org\jetbrains\annotations\13.0\annotations-13.0.jar;C:\Users\lebed\.m2\repository\com\dlsc\formsfx\formsfx-core\11.6.0\formsfx-core-11.6.0.jar;C:\Users\lebed\.m2\repository\-Djdk.module.main=org.example.mmsd_al org.example.mmsd_al/org.example.mmsd_al.Main

Host: 12th Gen Intel(R) Core(TM) i7-12650H, 16 cores, 15G,  Windows 10 , 64 bit Build 19041 (10.0.19041.3636)
Time: Mon Jun 24 10:28:13 2024 RTZ 2 (s 10 , 64 bit Build 19041 (10.0.19041.3636) elapsed time: 123.555596 seconds (0d 0h 2m 3s)

---------------  T H R E A D  ---------------

Current thread (0x0000028ea48f7ea0):  VMThread "VM Thread" [stack: 0x000000eaef700000,0x000000eaef800000] [id=12464]

Stack: [0x000000eaef700000,0x000000eaef800000],  sp=0x000000eaef7fedc0,  free space=1019k
Native frames: (J=compiled Java code, j=interpreted, Vv=VM code, C=native code)
C  [glass.dll+0x282d7]


siginfo: EXCEPTION_ACCESS_VIOLATION (0xc0000005), reading address 0x0000000000000000


Registers:
RAX=0x0000000000000000, RBX=0x0000028eeb235968, RCX=0x0000028ea48f7ea0, RDX=0x000000eaef7fedc0
RSP=0x000000eaef7fedc0, RBP=0x0000028eebc50358, RSI=0x0000028eebc50330, RDI=0x000077d99719b905
R8 =0x0000000000010002, R9 =0x000077d99719b905, R10=0x0000000000008000, R11=0x000000eaef7fed50
R12=0x00007fffeb465be0, R13=0x00007fff63be57e0, R14=0x000000eaef7feeb8, R15=0x0000028eebc50330
RIP=0x00007fffeb4682d7, EFLAGS=0x0000000000010206


Register to memory mapping:

RIP=0x00007fffeb4682d7 glass.dll
RAX=0x0 is NULL
RBX=0x0000028eeb235968 is a global jni handle
RCX=0x0000028ea48f7ea0 points into unknown readable memory: 0x00007fff63a13830 | 30 38 a1 63 ff 7f 00 00
RDX=0x000000eaef7fedc0 points into unknown readable memory: 0x0000000000000000 | 00 00 00 00 00 00 00 00
RSP=0x000000eaef7fedc0 points into unknown readable memory: 0x0000000000000000 | 00 00 00 00 00 00 00 00
RBP=0x0000028eebc50358 points into unknown readable memory: 0x000077d99719b905 | 05 b9 19 97 d9 77 00 00
RSI=0x0000028eebc50330 points into unknown readable memory: 0x000f8824ffd36605 | 05 66 d3 ff 24 88 0f 00
RDI=0x000077d99719b905 is an unknown value
R8 =0x0000000000010002 is an unknown value
R9 =0x000077d99719b905 is an unknown value
R10=0x0000000000008000 is an unknown value
R11=0x000000eaef7fed50 points into unknown readable memory: 0x0000028eebc50330 | 30 03 c5 eb 8e 02 00 00
R12=0x00007fffeb465be0 glass.dll
R13=0x00007fff63be57e0 jvm.dll
R14=0x000000eaef7feeb8 points into unknown readable memory: 0x000000eaef7feea0 | a0 ee 7f ef ea 00 00 00
R15=0x0000028eebc50330 points into unknown readable memory: 0x000f8824ffd36605 | 05 66 d3 ff 24 88 0f 00


Top of Stack: (sp=0x000000eaef7fedc0)
0x000000eaef7fedc0:   0000000000000000 0000028eebc50330
0x000000eaef7fedd0:   00007fff63be57e0 00007fffeb465be0
0x000000eaef7fede0:   0000028eebc50338 00007ffffcf442d6
0x000000eaef7fedf0:   000077d99719b905 0000028e00000000
0x000000eaef7fee00:   0000028eebc50358 0000028eebc50330
0x000000eaef7fee10:   fffffffffffffffe 0000000000000000
0x000000eaef7fee20:   0000000000000001 00007fffeb440000
0x000000eaef7fee30:   000000eaef7feea8 00007ffffcf441fb
0x000000eaef7fee40:   0000000000000000 000000eaef7feeb8
0x000000eaef7fee50:   000000eaef7ff190 00007ffffd020e40
0x000000eaef7fee60:   0000000000000001 00007ffffcf441b4
0x000000eaef7fee70:   0000000000000000 0000000000000001
0x000000eaef7fee80:   000000007ffe0385 000000eaef7feea8
0x000000eaef7fee90:   000000000000000d 00007fffeb465a6d
0x000000eaef7feea0:   00007fffeb47d078 00007fff00000002
0x000000eaef7feeb0:   0000000000000002 000000eaef7feea0
0x000000eaef7feec0:   0000000000000000 00007fffff0a9993
0x000000eaef7feed0:   0000000000000000 00007fffeb465b92
0x000000eaef7feee0:   0000000000000001 0000000000000000
0x000000eaef7feef0:   0000000000000010 000000007ffe0384
0x000000eaef7fef00:   00007ffff2991d90 0000000000000000
0x000000eaef7fef10:   0000000000000001 00007ffff2992ef0
0x000000eaef7fef20:   00007fffeb440000 000000007ffe0384
0x000000eaef7fef30:   0000000000000000 00007fffff0a9a1d
0x000000eaef7fef40:   00007fffeb440000 0000000000000000
0x000000eaef7fef50:   0000000000000001 000000007ffe0385
0x000000eaef7fef60:   0000000000000000 00007fffff0ef341
0x000000eaef7fef70:   0000c0a849370400 0000000000000014
0x000000eaef7fef80:   00007fffeb465be0 0000000000000000
0x000000eaef7fef90:   0000000000000000 000000eaeed85000
0x000000eaef7fefa0:   0000028eeb896aa0 00007fffff0ef1da
0x000000eaef7fefb0:   0000028eeb896950 00007fffeb440000 

Instructions: (pc=0x00007fffeb4682d7)
0x00007fffeb4681d7:   8b 4d 58 e8 49 cf ff ff 48 8b 4d 60 e8 40 cf ff
0x00007fffeb4681e7:   ff 48 8b 95 80 00 00 00 48 8b 8d 18 01 00 00 e8
0x00007fffeb4681f7:   26 c5 ff ff 33 d2 33 c9 e8 8c e1 ff ff 90 48 89
0x00007fffeb468207:   54 24 10 55 48 83 ec 20 48 8b ea 48 b8 00 00 00
0x00007fffeb468217:   00 00 00 00 00 48 83 c4 20 5d c3 cc 40 55 48 8b
0x00007fffeb468227:   ea 48 8b 01 33 c9 81 38 05 00 00 c0 0f 94 c1 8b
0x00007fffeb468237:   c1 5d c3 cc 40 55 48 83 ec 20 48 8b ea 8a 4d 40
0x00007fffeb468247:   48 83 c4 20 5d e9 33 d3 ff ff cc 40 55 48 83 ec
0x00007fffeb468257:   20 48 8b ea 8a 4d 20 e8 21 d3 ff ff 90 48 83 c4
0x00007fffeb468267:   20 5d c3 cc 40 55 48 83 ec 20 48 8b ea 48 83 c4
0x00007fffeb468277:   20 5d e9 82 d1 ff ff cc 40 55 48 83 ec 30 48 8b
0x00007fffeb468287:   ea 48 8b 01 8b 10 48 89 4c 24 28 89 54 24 20 4c
0x00007fffeb468297:   8d 0d 23 d6 ff ff 4c 8b 45 70 8b 55 68 48 8b 4d
0x00007fffeb4682a7:   60 e8 c3 d0 ff ff 90 48 83 c4 30 5d c3 cc cc cc
0x00007fffeb4682b7:   cc cc cc cc cc cc cc cc cc 40 53 48 83 ec 20 48
0x00007fffeb4682c7:   8b 1d 6b 47 01 00 48 85 db 74 16 e8 39 90 ff ff
0x00007fffeb4682d7:   4c 8b 00 48 8b d3 48 8b c8 41 ff 90 b0 00 00 00
0x00007fffeb4682e7:   90 48 83 c4 20 5b c3 cc cc 40 53 48 83 ec 20 48
0x00007fffeb4682f7:   8b 1d ab 48 01 00 48 85 db 74 57 b8 ff ff ff ff
0x00007fffeb468307:   f0 0f c1 43 10 83 f8 01 75 3d 48 85 db 74 38 48
0x00007fffeb468317:   8b 0b 48 85 c9 74 0d ff 15 8c 0f 00 00 48 c7 03
0x00007fffeb468327:   00 00 00 00 48 8b 4b 08 48 85 c9 74 0d e8 ef cd
0x00007fffeb468337:   ff ff 48 c7 43 08 00 00 00 00 ba 18 00 00 00 48
0x00007fffeb468347:   8b cb e8 da cd ff ff 48 c7 05 4f 48 01 00 00 00
0x00007fffeb468357:   00 00 48 83 c4 20 5b c3 cc 40 53 48 83 ec 20 48
0x00007fffeb468367:   8b 1d 1b 48 01 00 48 85 db 74 57 b8 ff ff ff ff
0x00007fffeb468377:   f0 0f c1 43 10 83 f8 01 75 3d 48 85 db 74 38 48
0x00007fffeb468387:   8b 0b 48 85 c9 74 0d ff 15 1c 0f 00 00 48 c7 03
0x00007fffeb468397:   00 00 00 00 48 8b 4b 08 48 85 c9 74 0d e8 7f cd
0x00007fffeb4683a7:   ff ff 48 c7 43 08 00 00 00 00 ba 18 00 00 00 48
0x00007fffeb4683b7:   8b cb e8 6a cd ff ff 48 c7 05 bf 47 01 00 00 00
0x00007fffeb4683c7:   00 00 48 83 c4 20 5b c3 cc 40 53 48 83 ec 20 48 


Stack slot to memory mapping:
stack at sp + 0 slots: 0x0 is NULL
stack at sp + 1 slots: 0x0000028eebc50330 points into unknown readable memory: 0x000f8824ffd36605 | 05 66 d3 ff 24 88 0f 00
stack at sp + 2 slots: 0x00007fff63be57e0 jvm.dll
stack at sp + 3 slots: 0x00007fffeb465be0 glass.dll
stack at sp + 4 slots: 0x0000028eebc50338 points into unknown readable memory: 0x000077d99719b905 | 05 b9 19 97 d9 77 00 00
stack at sp + 5 slots: 0x00007ffffcf442d6 ucrtbase.dll
stack at sp + 6 slots: 0x000077d99719b905 is an unknown value
stack at sp + 7 slots: 0x0000028e00000000 is an unknown value

VM_Operation (0x000000eaef00ef00): Exit, mode: safepoint, requested by thread 0x0000028eebff9230


---------------  P R O C E S S  ---------------

Threads class SMR info:
_java_thread_list=0x0000028ef47c20d0, length=22, elements={
0x0000028eff489f00, 0x0000028ea48fd380, 0x0000028ea48fe210, 0x0000028ea49164f0,
0x0000028ea491a2f0, 0x0000028ea491abd0, 0x0000028ea491c4c0, 0x0000028ea491d180,
0x0000028ea49268a0, 0x0000028ea49271c0, 0x0000028ea544f8a0, 0x0000028eeb186590,
0x0000028eebac17d0, 0x0000028eeb1c1cf0, 0x0000028eebcc4030, 0x0000028eebcc4930,
0x0000028eebffa670, 0x0000028eebffab80, 0x0000028eebff7df0, 0x0000028eebff8810,
0x0000028eebff9230, 0x0000028eeba0ea20
}

Java Threads: ( => current thread )
  0x0000028eff489f00 JavaThread "main" [_thread_blocked, id=15284, stack(0x000000eaef100000,0x000000eaef200000)]
  0x0000028ea48fd380 JavaThread "Reference Handler" daemon [_thread_blocked, id=20864, stack(0x000000eaef800000,0x000000eaef900000)]
  0x0000028ea48fe210 JavaThread "Finalizer" daemon [_thread_blocked, id=11876, stack(0x000000eaef900000,0x000000eaefa00000)]
  0x0000028ea49164f0 JavaThread "Signal Dispatcher" daemon [_thread_blocked, id=30420, stack(0x000000eaefa00000,0x000000eaefb00000)]
  0x0000028ea491a2f0 JavaThread "Attach Listener" daemon [_thread_blocked, id=23424, stack(0x000000eaefb00000,0x000000eaefc00000)]
  0x0000028ea491abd0 JavaThread "Service Thread" daemon [_thread_blocked, id=15584, stack(0x000000eaefc00000,0x000000eaefd00000)]
  0x0000028ea491c4c0 JavaThread "Monitor Deflation Thread" daemon [_thread_blocked, id=30340, stack(0x000000eaefd00000,0x000000eaefe00000)]
  0x0000028ea491d180 JavaThread "C2 CompilerThread0" daemon [_thread_blocked, id=19108, stack(0x000000eaefe00000,0x000000eaeff00000)]
  0x0000028ea49268a0 JavaThread "C1 CompilerThread0" daemon [_thread_blocked, id=20188, stack(0x000000eaeff00000,0x000000eaf0000000)]
  0x0000028ea49271c0 JavaThread "Sweeper thread" daemon [_thread_blocked, id=2936, stack(0x000000eaf0000000,0x000000eaf0100000)]
  0x0000028ea544f8a0 JavaThread "Common-Cleaner" daemon [_thread_blocked, id=28328, stack(0x000000eaf0200000,0x000000eaf0300000)]
  0x0000028eeb186590 JavaThread "JDWP Event Helper Thread" daemon [_thread_blocked, id=17304, stack(0x000000eaf0c00000,0x000000eaf0d00000)]
  0x0000028eebac17d0 JavaThread "Notification Thread" daemon [_thread_blocked, id=18844, stack(0x000000eaf0e00000,0x000000eaf0f00000)]
  0x0000028eeb1c1cf0 JavaThread "JavaFX-Launcher" [_thread_blocked, id=24532, stack(0x000000eaf1000000,0x000000eaf1100000)]
  0x0000028eebcc4030 JavaThread "InvokeLaterDispatcher" daemon [_thread_blocked, id=15352, stack(0x000000eaf1500000,0x000000eaf1600000)]
  0x0000028eebcc4930 JavaThread "JavaFX Application Thread" [_thread_blocked, id=9072, stack(0x000000eaf1600000,0x000000eaf1700000)]
  0x0000028eebffa670 JavaThread "Thread-2" daemon [_thread_in_native, id=15948, stack(0x000000eaf0a00000,0x000000eaf0b00000)]
  0x0000028eebffab80 JavaThread "Java2D Disposer" daemon [_thread_blocked, id=3152, stack(0x000000eaf2200000,0x000000eaf2300000)]
  0x0000028eebff7df0 JavaThread "Prism Font Disposer" daemon [_thread_blocked, id=24812, stack(0x000000eaf2600000,0x000000eaf2700000)]
  0x0000028eebff8810 JavaThread "Cleaner-0" daemon [_thread_blocked, id=11460, stack(0x000000eaf2f50000,0x000000eaf3050000)]
  0x0000028eebff9230 JavaThread "SIGINT handler" daemon [_thread_blocked, id=33360, stack(0x000000eaeef10000,0x000000eaef010000)]
  0x0000028eeba0ea20 JavaThread "AWT-Shutdown" [_thread_blocked, id=15748, stack(0x000000eaf0680000,0x000000eaf0780000)]

Other Threads:
=>0x0000028ea48f7ea0 VMThread "VM Thread" [stack: 0x000000eaef700000,0x000000eaef800000] [id=12464]
  0x0000028eff4f6cb0 GCTaskThread "GC Thread#0" [stack: 0x000000eaef200000,0x000000eaef300000] [id=33416]
  0x0000028eec0ae370 GCTaskThread "GC Thread#1" [stack: 0x000000eaf1800000,0x000000eaf1900000] [id=13724]
  0x0000028eec0b0530 GCTaskThread "GC Thread#2" [stack: 0x000000eaf1900000,0x000000eaf1a00000] [id=1500]
  0x0000028eec0ae910 GCTaskThread "GC Thread#3" [stack: 0x000000eaf1a00000,0x000000eaf1b00000] [id=1048]
  0x0000028eec0aebe0 GCTaskThread "GC Thread#4" [stack: 0x000000eaf1b00000,0x000000eaf1c00000] [id=18824]
  0x0000028eec0aeeb0 GCTaskThread "GC Thread#5" [stack: 0x000000eaf1c00000,0x000000eaf1d00000] [id=16916]
  0x0000028eec0af450 GCTaskThread "GC Thread#6" [stack: 0x000000eaf1d00000,0x000000eaf1e00000] [id=22700]
  0x0000028eec0aff90 GCTaskThread "GC Thread#7" [stack: 0x000000eaf1e00000,0x000000eaf1f00000] [id=28564]
  0x0000028eec0af720 GCTaskThread "GC Thread#8" [stack: 0x000000eaf1f00000,0x000000eaf2000000] [id=31872]
  0x0000028eec0af9f0 GCTaskThread "GC Thread#9" [stack: 0x000000eaf2000000,0x000000eaf2100000] [id=29796]
  0x0000028eec0afcc0 GCTaskThread "GC Thread#10" [stack: 0x000000eaf2100000,0x000000eaf2200000] [id=4280]
  0x0000028eec026300 GCTaskThread "GC Thread#11" [stack: 0x000000eaf2700000,0x000000eaf2800000] [id=9212]
  0x0000028eec0238d0 GCTaskThread "GC Thread#12" [stack: 0x000000eaf2800000,0x000000eaf2900000] [id=29640]
  0x0000028eff507760 ConcurrentGCThread "G1 Main Marker" terminated
  0x0000028eff508180 ConcurrentGCThread "G1 Conc#0" [stack: 0x000000eaef400000,0x000000eaef500000] [id=17616]
  0x0000028eec023330 ConcurrentGCThread "G1 Conc#1" [stack: 0x000000eaf2d00000,0x000000eaf2e00000] [id=11380]
  0x0000028eec023600 ConcurrentGCThread "G1 Conc#2" [stack: 0x000000eaf2e00000,0x000000eaf2f00000] [id=10768]
  0x0000028eff53eca0 ConcurrentGCThread "G1 Refine#0" terminated
  0x0000028efd950280 ConcurrentGCThread "G1 Refine#1" terminated
  0x0000028efd67f670 ConcurrentGCThread "G1 Refine#2" terminated
  0x0000028efd67ff70 ConcurrentGCThread "G1 Refine#3" terminated
  0x0000028ea48327c0 ConcurrentGCThread "G1 Service" terminated

Threads with active compile tasks:

VM state: at safepoint (shutting down)

VM Mutex/Monitor currently owned by a thread:  ([mutex/lock_event])
[0x0000028eff485be0] Threads_lock - owner thread: 0x0000028ea48f7ea0
[0x0000028eff485d00] Heap_lock - owner thread: 0x0000028eebff9230

Heap address: 0x0000000704a00000, size: 4022 MB, Compressed Oops mode: Zero based, Oop shift amount: 3

CDS archive(s) mapped at: [0x0000028ea6000000-0x0000028ea6be0000-0x0000028ea6be0000), size 12451840, SharedBaseAddress: 0x0000028ea6000000, ArchiveRelocationMode: 1.
Compressed class space mapped at: 0x0000028ea7000000-0x0000028ee7000000, reserved size: 1073741824
Narrow klass base: 0x0000028ea6000000, Narrow klass shift: 0, Narrow klass range: 0x100000000

GC Precious Log:
 CPUs: 16 total, 16 available
 Memory: 16087M
 Large Page Support: Disabled
 NUMA Support: Disabled
 Compressed Oops: Enabled (Zero based)
 Heap Region Size: 2M
 Heap Min Capacity: 8M
 Heap Initial Capacity: 252M
 Heap Max Capacity: 4022M
 Pre-touch: Disabled
 Parallel Workers: 13
 Concurrent Workers: 3
 Concurrent Refinement Workers: 13
 Periodic GC: Disabled

Heap:
 garbage-first heap   total 159744K, used 43477K [0x0000000704a00000, 0x0000000800000000)
  region size 2048K, 6 young (12288K), 3 survivors (6144K)
 Metaspace       used 32353K, committed 32640K, reserved 1114112K
  class space    used 4367K, committed 4480K, reserved 1048576K

Heap Regions: E=young(eden), S=young(survivor), O=old, HS=humongous(starts), HC=humongous(continues), CS=collection set, F=free, OA=open archive, CA=closed archive, TAMS=top-at-mark-start (previous, next)
|   0|0x0000000704a00000, 0x0000000704c00000, 0x0000000704c00000|100%| O|  |TAMS 0x0000000704c00000, 0x0000000704c00000| Untracked 
|   1|0x0000000704c00000, 0x0000000704e00000, 0x0000000704e00000|100%| O|  |TAMS 0x0000000704d6a800, 0x0000000704e00000| Untracked 
|   2|0x0000000704e00000, 0x0000000705000000, 0x0000000705000000|100%| O|  |TAMS 0x0000000704e00000, 0x0000000705000000| Untracked 
|   3|0x0000000705000000, 0x0000000705200000, 0x0000000705200000|100%| O|  |TAMS 0x0000000705000000, 0x0000000705200000| Untracked 
|   4|0x0000000705200000, 0x0000000705400000, 0x0000000705400000|100%| O|  |TAMS 0x0000000705200000, 0x0000000705400000| Untracked 
|   5|0x0000000705400000, 0x0000000705600000, 0x0000000705600000|100%| O|  |TAMS 0x0000000705400000, 0x0000000705600000| Untracked 
|   6|0x0000000705600000, 0x0000000705800000, 0x0000000705800000|100%| O|  |TAMS 0x0000000705600000, 0x0000000705800000| Untracked 
|   7|0x0000000705800000, 0x0000000705a00000, 0x0000000705a00000|100%| O|  |TAMS 0x0000000705800000, 0x0000000705a00000| Untracked 
|   8|0x0000000705a00000, 0x0000000705c00000, 0x0000000705c00000|100%| O|  |TAMS 0x0000000705a00000, 0x0000000705c00000| Untracked 
|   9|0x0000000705c00000, 0x0000000705e00000, 0x0000000705e00000|100%| O|  |TAMS 0x0000000705c00000, 0x0000000705c37000| Untracked 
|  10|0x0000000705e00000, 0x0000000706000000, 0x0000000706000000|100%| O|  |TAMS 0x0000000705e00000, 0x0000000705e00000| Untracked 
|  11|0x0000000706000000, 0x0000000706200000, 0x0000000706200000|100%| O|  |TAMS 0x0000000706000000, 0x0000000706000000| Untracked 
|  12|0x0000000706200000, 0x0000000706400000, 0x0000000706400000|100%| O|  |TAMS 0x0000000706200000, 0x0000000706400000| Untracked 
|  13|0x0000000706400000, 0x0000000706600000, 0x0000000706600000|100%| O|  |TAMS 0x0000000706400000, 0x0000000706600000| Untracked 
|  14|0x0000000706600000, 0x0000000706800000, 0x0000000706800000|100%| O|  |TAMS 0x0000000706600000, 0x0000000706800000| Untracked 
|  15|0x0000000706800000, 0x0000000706943400, 0x0000000706a00000| 63%| O|  |TAMS 0x0000000706800000, 0x0000000706800000| Untracked 
|  16|0x0000000706a00000, 0x0000000706c00000, 0x0000000706c00000|100%|HS|  |TAMS 0x0000000706a00000, 0x0000000706a00000| Complete 
|  17|0x0000000706c00000, 0x0000000706c00000, 0x0000000706e00000|  0%| F|  |TAMS 0x0000000706c00000, 0x0000000706c00000| Untracked 
|  18|0x0000000706e00000, 0x0000000706e00000, 0x0000000707000000|  0%| F|  |TAMS 0x0000000706e00000, 0x0000000706e00000| Untracked 
|  19|0x0000000707000000, 0x0000000707000000, 0x0000000707200000|  0%| F|  |TAMS 0x0000000707000000, 0x0000000707000000| Untracked 
|  20|0x0000000707200000, 0x0000000707200000, 0x0000000707400000|  0%| F|  |TAMS 0x0000000707200000, 0x0000000707200000| Untracked 
|  21|0x0000000707400000, 0x0000000707400000, 0x0000000707600000|  0%| F|  |TAMS 0x0000000707400000, 0x0000000707400000| Untracked 
|  22|0x0000000707600000, 0x0000000707600000, 0x0000000707800000|  0%| F|  |TAMS 0x0000000707600000, 0x0000000707600000| Untracked 
|  23|0x0000000707800000, 0x0000000707800000, 0x0000000707a00000|  0%| F|  |TAMS 0x0000000707800000, 0x0000000707800000| Untracked 
|  24|0x0000000707a00000, 0x0000000707a00000, 0x0000000707c00000|  0%| F|  |TAMS 0x0000000707a00000, 0x0000000707a00000| Untracked 
|  25|0x0000000707c00000, 0x0000000707c00000, 0x0000000707e00000|  0%| F|  |TAMS 0x0000000707c00000, 0x0000000707c00000| Untracked 
|  26|0x0000000707e00000, 0x0000000707e00000, 0x0000000708000000|  0%| F|  |TAMS 0x0000000707e00000, 0x0000000707e00000| Untracked 
|  27|0x0000000708000000, 0x0000000708000000, 0x0000000708200000|  0%| F|  |TAMS 0x0000000708000000, 0x0000000708000000| Untracked 
|  28|0x0000000708200000, 0x0000000708200000, 0x0000000708400000|  0%| F|  |TAMS 0x0000000708200000, 0x0000000708200000| Untracked 
|  29|0x0000000708400000, 0x0000000708400000, 0x0000000708600000|  0%| F|  |TAMS 0x0000000708400000, 0x0000000708400000| Untracked 
|  30|0x0000000708600000, 0x0000000708600000, 0x0000000708800000|  0%| F|  |TAMS 0x0000000708600000, 0x0000000708600000| Untracked 
|  31|0x0000000708800000, 0x0000000708800000, 0x0000000708a00000|  0%| F|  |TAMS 0x0000000708800000, 0x0000000708800000| Untracked 
|  32|0x0000000708a00000, 0x0000000708a00000, 0x0000000708c00000|  0%| F|  |TAMS 0x0000000708a00000, 0x0000000708a00000| Untracked 
|  33|0x0000000708c00000, 0x0000000708c00000, 0x0000000708e00000|  0%| F|  |TAMS 0x0000000708c00000, 0x0000000708c00000| Untracked 
|  34|0x0000000708e00000, 0x0000000708e00000, 0x0000000709000000|  0%| F|  |TAMS 0x0000000708e00000, 0x0000000708e00000| Untracked 
|  35|0x0000000709000000, 0x0000000709132000, 0x0000000709200000| 59%| S|CS|TAMS 0x0000000709000000, 0x0000000709000000| Complete 
|  36|0x0000000709200000, 0x0000000709400000, 0x0000000709400000|100%| S|CS|TAMS 0x0000000709200000, 0x0000000709200000| Complete 
|  37|0x0000000709400000, 0x0000000709400000, 0x0000000709600000|  0%| F|  |TAMS 0x0000000709400000, 0x0000000709400000| Untracked 
|  38|0x0000000709600000, 0x0000000709600000, 0x0000000709800000|  0%| F|  |TAMS 0x0000000709600000, 0x0000000709600000| Untracked 
|  39|0x0000000709800000, 0x0000000709800000, 0x0000000709a00000|  0%| F|  |TAMS 0x0000000709800000, 0x0000000709800000| Untracked 
|  40|0x0000000709a00000, 0x0000000709c00000, 0x0000000709c00000|100%| S|CS|TAMS 0x0000000709a00000, 0x0000000709a00000| Complete 
|  41|0x0000000709c00000, 0x0000000709c00000, 0x0000000709e00000|  0%| F|  |TAMS 0x0000000709c00000, 0x0000000709c00000| Untracked 
|  42|0x0000000709e00000, 0x0000000709e00000, 0x000000070a000000|  0%| F|  |TAMS 0x0000000709e00000, 0x0000000709e00000| Untracked 
|  43|0x000000070a000000, 0x000000070a000000, 0x000000070a200000|  0%| F|  |TAMS 0x000000070a000000, 0x000000070a000000| Untracked 
|  44|0x000000070a200000, 0x000000070a200000, 0x000000070a400000|  0%| F|  |TAMS 0x000000070a200000, 0x000000070a200000| Untracked 
|  45|0x000000070a400000, 0x000000070a400000, 0x000000070a600000|  0%| F|  |TAMS 0x000000070a400000, 0x000000070a400000| Untracked 
|  46|0x000000070a600000, 0x000000070a600000, 0x000000070a800000|  0%| F|  |TAMS 0x000000070a600000, 0x000000070a600000| Untracked 
|  47|0x000000070a800000, 0x000000070a800000, 0x000000070aa00000|  0%| F|  |TAMS 0x000000070a800000, 0x000000070a800000| Untracked 
|  48|0x000000070aa00000, 0x000000070aa00000, 0x000000070ac00000|  0%| F|  |TAMS 0x000000070aa00000, 0x000000070aa00000| Untracked 
|  49|0x000000070ac00000, 0x000000070ac00000, 0x000000070ae00000|  0%| F|  |TAMS 0x000000070ac00000, 0x000000070ac00000| Untracked 
|  50|0x000000070ae00000, 0x000000070ae00000, 0x000000070b000000|  0%| F|  |TAMS 0x000000070ae00000, 0x000000070ae00000| Untracked 
|  51|0x000000070b000000, 0x000000070b000000, 0x000000070b200000|  0%| F|  |TAMS 0x000000070b000000, 0x000000070b000000| Untracked 
|  52|0x000000070b200000, 0x000000070b200000, 0x000000070b400000|  0%| F|  |TAMS 0x000000070b200000, 0x000000070b200000| Untracked 
|  53|0x000000070b400000, 0x000000070b400000, 0x000000070b600000|  0%| F|  |TAMS 0x000000070b400000, 0x000000070b400000| Untracked 
|  54|0x000000070b600000, 0x000000070b600000, 0x000000070b800000|  0%| F|  |TAMS 0x000000070b600000, 0x000000070b600000| Untracked 
|  55|0x000000070b800000, 0x000000070b800000, 0x000000070ba00000|  0%| F|  |TAMS 0x000000070b800000, 0x000000070b800000| Untracked 
|  56|0x000000070ba00000, 0x000000070ba00000, 0x000000070bc00000|  0%| F|  |TAMS 0x000000070ba00000, 0x000000070ba00000| Untracked 
|  57|0x000000070bc00000, 0x000000070bc00000, 0x000000070be00000|  0%| F|  |TAMS 0x000000070bc00000, 0x000000070bc00000| Untracked 
|  58|0x000000070be00000, 0x000000070be00000, 0x000000070c000000|  0%| F|  |TAMS 0x000000070be00000, 0x000000070be00000| Untracked 
|  59|0x000000070c000000, 0x000000070c000000, 0x000000070c200000|  0%| F|  |TAMS 0x000000070c000000, 0x000000070c000000| Untracked 
|  60|0x000000070c200000, 0x000000070c200000, 0x000000070c400000|  0%| F|  |TAMS 0x000000070c200000, 0x000000070c200000| Untracked 
|  61|0x000000070c400000, 0x000000070c400000, 0x000000070c600000|  0%| F|  |TAMS 0x000000070c400000, 0x000000070c400000| Untracked 
|  62|0x000000070c600000, 0x000000070c600000, 0x000000070c800000|  0%| F|  |TAMS 0x000000070c600000, 0x000000070c600000| Untracked 
|  63|0x000000070c800000, 0x000000070c800000, 0x000000070ca00000|  0%| F|  |TAMS 0x000000070c800000, 0x000000070c800000| Untracked 
|  64|0x000000070ca00000, 0x000000070ca00000, 0x000000070cc00000|  0%| F|  |TAMS 0x000000070ca00000, 0x000000070ca00000| Untracked 
|  65|0x000000070cc00000, 0x000000070cc00000, 0x000000070ce00000|  0%| F|  |TAMS 0x000000070cc00000, 0x000000070cc00000| Untracked 
|  66|0x000000070ce00000, 0x000000070ce00000, 0x000000070d000000|  0%| F|  |TAMS 0x000000070ce00000, 0x000000070ce00000| Untracked 
|  67|0x000000070d000000, 0x000000070d000000, 0x000000070d200000|  0%| F|  |TAMS 0x000000070d000000, 0x000000070d000000| Untracked 
|  68|0x000000070d200000, 0x000000070d200000, 0x000000070d400000|  0%| F|  |TAMS 0x000000070d200000, 0x000000070d200000| Untracked 
|  69|0x000000070d400000, 0x000000070d400000, 0x000000070d600000|  0%| F|  |TAMS 0x000000070d400000, 0x000000070d400000| Untracked 
|  70|0x000000070d600000, 0x000000070d600000, 0x000000070d800000|  0%| F|  |TAMS 0x000000070d600000, 0x000000070d600000| Untracked 
|  71|0x000000070d800000, 0x000000070d800000, 0x000000070da00000|  0%| F|  |TAMS 0x000000070d800000, 0x000000070d800000| Untracked 
|  96|0x0000000710a00000, 0x0000000710a00000, 0x0000000710c00000|  0%| F|  |TAMS 0x0000000710a00000, 0x0000000710a00000| Untracked 
|  97|0x0000000710c00000, 0x0000000710c00000, 0x0000000710e00000|  0%| F|  |TAMS 0x0000000710c00000, 0x0000000710c00000| Untracked 
|  98|0x0000000710e00000, 0x0000000710e00000, 0x0000000711000000|  0%| F|  |TAMS 0x0000000710e00000, 0x0000000710e00000| Untracked 
|  99|0x0000000711000000, 0x0000000711200000, 0x0000000711200000|100%| E|  |TAMS 0x0000000711000000, 0x0000000711000000| Complete 
| 100|0x0000000711200000, 0x0000000711400000, 0x0000000711400000|100%| E|CS|TAMS 0x0000000711200000, 0x0000000711200000| Complete 
| 125|0x0000000714400000, 0x0000000714600000, 0x0000000714600000|100%| E|CS|TAMS 0x0000000714400000, 0x0000000714400000| Complete 

Card table byte_map: [0x0000028e997c0000,0x0000028e99fa0000] _byte_map_base: 0x0000028e95f9b000

Marking Bits (Prev, Next): (CMBitMap*) 0x0000028eff4f7320, (CMBitMap*) 0x0000028eff4f72e0
 Prev Bits: [0x0000028e9e660000, 0x0000028ea2538000)
 Next Bits: [0x0000028e9a780000, 0x0000028e9e658000)

Polling page: 0x0000028efe7c0000

Metaspace:

Usage:
  Non-class:     27.33 MB used.
      Class:      4.27 MB used.
       Both:     31.60 MB used.

Virtual space:
  Non-class space:       64.00 MB reserved,      27.50 MB ( 43%) committed,  1 nodes.
      Class space:        1.00 GB reserved,       4.38 MB ( <1%) committed,  1 nodes.
             Both:        1.06 GB reserved,      31.88 MB (  3%) committed. 

Chunk freelists:
   Non-Class:  3.94 MB
       Class:  11.51 MB
        Both:  15.45 MB

MaxMetaspaceSize: unlimited
CompressedClassSpaceSize: 1.00 GB
Initial GC threshold: 21.00 MB
Current GC threshold: 35.12 MB
CDS: on
MetaspaceReclaimPolicy: balanced
 - commit_granule_bytes: 65536.
 - commit_granule_words: 8192.
 - virtual_space_node_default_size: 8388608.
 - enlarge_chunks_in_place: 1.
 - new_chunks_are_fully_committed: 0.
 - uncommit_free_chunks: 1.
 - use_allocation_guard: 0.
 - handle_deallocations: 1.


Internal statistics:

num_allocs_failed_limit: 3.
num_arena_births: 360.
num_arena_deaths: 0.
num_vsnodes_births: 2.
num_vsnodes_deaths: 0.
num_space_committed: 510.
num_space_uncommitted: 0.
num_chunks_returned_to_freelist: 3.
num_chunks_taken_from_freelist: 1431.
num_chunk_merges: 3.
num_chunk_splits: 1034.
num_chunks_enlarged: 791.
num_inconsistent_stats: 0.

CodeHeap 'non-profiled nmethods': size=119168Kb used=4608Kb max_used=4752Kb free=114559Kb
 bounds [0x0000028e91b80000, 0x0000028e92030000, 0x0000028e98fe0000]
CodeHeap 'profiled nmethods': size=119104Kb used=12698Kb max_used=13077Kb free=106405Kb
 bounds [0x0000028e89fe0000, 0x0000028e8acb0000, 0x0000028e91430000]
CodeHeap 'non-nmethods': size=7488Kb used=1598Kb max_used=3398Kb free=5889Kb
 bounds [0x0000028e91430000, 0x0000028e91790000, 0x0000028e91b80000]
 total_blobs=7125 nmethods=6213 adapters=822
 compilation: enabled
              stopped_count=0, restarted_count=0
 full_count=0

Compilation events (20 events):
Event: 77.300 Thread 0x0000028ea49268a0 7486       3       sun.nio.cs.UTF_8::updatePositions (23 bytes)
Event: 77.301 Thread 0x0000028ea49268a0 nmethod 7486 0x0000028e8a587110 code [0x0000028e8a5872e0, 0x0000028e8a587718]
Event: 81.391 Thread 0x0000028ea49268a0 7487       3       java.nio.CharBuffer::<init> (24 bytes)
Event: 81.392 Thread 0x0000028ea49268a0 nmethod 7487 0x0000028e8a586c90 code [0x0000028e8a586e40, 0x0000028e8a587028]
Event: 81.392 Thread 0x0000028ea49268a0 7488       3       java.nio.CharBuffer::limit (6 bytes)
Event: 81.392 Thread 0x0000028ea49268a0 nmethod 7488 0x0000028e8a586890 code [0x0000028e8a586a40, 0x0000028e8a586be8]
Event: 81.392 Thread 0x0000028ea49268a0 7489       3       java.nio.CharBuffer::limit (8 bytes)
Event: 81.392 Thread 0x0000028ea49268a0 nmethod 7489 0x0000028e89ffee10 code [0x0000028e89ffefa0, 0x0000028e89fff0e8]
Event: 81.902 Thread 0x0000028ea49268a0 7490   !   3       java.nio.CharBuffer::wrap (21 bytes)
Event: 81.903 Thread 0x0000028ea49268a0 nmethod 7490 0x0000028e8a586290 code [0x0000028e8a586460, 0x0000028e8a586718]
Event: 81.903 Thread 0x0000028ea49268a0 7491       3       java.nio.HeapCharBuffer::<init> (23 bytes)
Event: 81.903 Thread 0x0000028ea49268a0 nmethod 7491 0x0000028e8a585e10 code [0x0000028e8a585fc0, 0x0000028e8a586168]
Event: 82.497 Thread 0x0000028ea49268a0 7492  s!   3       jdk.internal.loader.URLClassPath::getLoader (194 bytes)
Event: 82.498 Thread 0x0000028ea49268a0 nmethod 7492 0x0000028e8a2c2b10 code [0x0000028e8a2c2e20, 0x0000028e8a2c4408]
Event: 103.435 Thread 0x0000028ea491d180 7493       4       com.sun.javafx.tk.quantum.QuantumToolkit::postPulse (133 bytes)
Event: 103.478 Thread 0x0000028ea491d180 nmethod 7493 0x0000028e91f79b10 code [0x0000028e91f79e40, 0x0000028e91f7cf90]
Event: 103.478 Thread 0x0000028ea491d180 7494       4       com.sun.javafx.tk.quantum.QuantumToolkit$$Lambda$107/0x0000028ea703be08::run (8 bytes)
Event: 103.478 Thread 0x0000028ea491d180 nmethod 7494 0x0000028e91f79790 code [0x0000028e91f79920, 0x0000028e91f79a18]
Event: 122.853 Thread 0x0000028ea49268a0 7495       1       java.util.logging.Logger::getName (5 bytes)
Event: 122.853 Thread 0x0000028ea49268a0 nmethod 7495 0x0000028e91f79490 code [0x0000028e91f79620, 0x0000028e91f796f8]

GC Heap History (20 events):
Event: 0.474 GC heap before
{Heap before GC invocations=0 (full 0):
 garbage-first heap   total 258048K, used 20480K [0x0000000704a00000, 0x0000000800000000)
  region size 2048K, 11 young (22528K), 0 survivors (0K)
 Metaspace       used 5511K, committed 5696K, reserved 1114112K
  class space    used 611K, committed 704K, reserved 1048576K
}
Event: 0.476 GC heap after
{Heap after GC invocations=1 (full 0):
 garbage-first heap   total 258048K, used 3750K [0x0000000704a00000, 0x0000000800000000)
  region size 2048K, 2 young (4096K), 2 survivors (4096K)
 Metaspace       used 5511K, committed 5696K, reserved 1114112K
  class space    used 611K, committed 704K, reserved 1048576K
}
Event: 0.974 GC heap before
{Heap before GC invocations=1 (full 0):
 garbage-first heap   total 258048K, used 36518K [0x0000000704a00000, 0x0000000800000000)
  region size 2048K, 19 young (38912K), 2 survivors (4096K)
 Metaspace       used 14327K, committed 14592K, reserved 1114112K
  class space    used 1710K, committed 1856K, reserved 1048576K
}
Event: 0.977 GC heap after
{Heap after GC invocations=2 (full 0):
 garbage-first heap   total 258048K, used 8400K [0x0000000704a00000, 0x0000000800000000)
  region size 2048K, 3 young (6144K), 3 survivors (6144K)
 Metaspace       used 14327K, committed 14592K, reserved 1114112K
  class space    used 1710K, committed 1856K, reserved 1048576K
}
Event: 1.417 GC heap before
{Heap before GC invocations=2 (full 0):
 garbage-first heap   total 258048K, used 51408K [0x0000000704a00000, 0x0000000800000000)
  region size 2048K, 25 young (51200K), 3 survivors (6144K)
 Metaspace       used 21279K, committed 21504K, reserved 1114112K
  class space    used 2637K, committed 2752K, reserved 1048576K
}
Event: 1.422 GC heap after
{Heap after GC invocations=3 (full 0):
 garbage-first heap   total 258048K, used 14792K [0x0000000704a00000, 0x0000000800000000)
  region size 2048K, 5 young (10240K), 5 survivors (10240K)
 Metaspace       used 21279K, committed 21504K, reserved 1114112K
  class space    used 2637K, committed 2752K, reserved 1048576K
}
Event: 1.843 GC heap before
{Heap before GC invocations=4 (full 0):
 garbage-first heap   total 61440K, used 41416K [0x0000000704a00000, 0x0000000800000000)
  region size 2048K, 18 young (36864K), 5 survivors (10240K)
 Metaspace       used 25771K, committed 26048K, reserved 1114112K
  class space    used 3519K, committed 3648K, reserved 1048576K
}
Event: 1.849 GC heap after
{Heap after GC invocations=5 (full 0):
 garbage-first heap   total 61440K, used 21045K [0x0000000704a00000, 0x0000000800000000)
  region size 2048K, 3 young (6144K), 3 survivors (6144K)
 Metaspace       used 25771K, committed 26048K, reserved 1114112K
  class space    used 3519K, committed 3648K, reserved 1048576K
}
Event: 1.863 GC heap before
{Heap before GC invocations=5 (full 0):
 garbage-first heap   total 61440K, used 23093K [0x0000000704a00000, 0x0000000800000000)
  region size 2048K, 4 young (8192K), 3 survivors (6144K)
 Metaspace       used 25839K, committed 26112K, reserved 1114112K
  class space    used 3529K, committed 3648K, reserved 1048576K
}
Event: 1.866 GC heap after
{Heap after GC invocations=6 (full 0):
 garbage-first heap   total 61440K, used 23031K [0x0000000704a00000, 0x0000000800000000)
  region size 2048K, 1 young (2048K), 1 survivors (2048K)
 Metaspace       used 25839K, committed 26112K, reserved 1114112K
  class space    used 3529K, committed 3648K, reserved 1048576K
}
Event: 2.023 GC heap before
{Heap before GC invocations=6 (full 0):
 garbage-first heap   total 61440K, used 41463K [0x0000000704a00000, 0x0000000800000000)
  region size 2048K, 10 young (20480K), 1 survivors (2048K)
 Metaspace       used 26234K, committed 26496K, reserved 1114112K
  class space    used 3565K, committed 3712K, reserved 1048576K
}
Event: 2.027 GC heap after
{Heap after GC invocations=7 (full 0):
 garbage-first heap   total 61440K, used 28892K [0x0000000704a00000, 0x0000000800000000)
  region size 2048K, 2 young (4096K), 2 survivors (4096K)
 Metaspace       used 26234K, committed 26496K, reserved 1114112K
  class space    used 3565K, committed 3712K, reserved 1048576K
}
Event: 2.183 GC heap before
{Heap before GC invocations=7 (full 0):
 garbage-first heap   total 61440K, used 39132K [0x0000000704a00000, 0x0000000800000000)
  region size 2048K, 8 young (16384K), 2 survivors (4096K)
 Metaspace       used 27357K, committed 27648K, reserved 1114112K
  class space    used 3674K, committed 3776K, reserved 1048576K
}
Event: 2.189 GC heap after
{Heap after GC invocations=8 (full 0):
 garbage-first heap   total 159744K, used 34061K [0x0000000704a00000, 0x0000000800000000)
  region size 2048K, 1 young (2048K), 1 survivors (2048K)
 Metaspace       used 27357K, committed 27648K, reserved 1114112K
  class space    used 3674K, committed 3776K, reserved 1048576K
}
Event: 10.183 GC heap before
{Heap before GC invocations=8 (full 0):
 garbage-first heap   total 159744K, used 101645K [0x0000000704a00000, 0x0000000800000000)
  region size 2048K, 33 young (67584K), 1 survivors (2048K)
 Metaspace       used 30780K, committed 31040K, reserved 1114112K
  class space    used 4258K, committed 4352K, reserved 1048576K
}
Event: 10.186 GC heap after
{Heap after GC invocations=9 (full 0):
 garbage-first heap   total 159744K, used 38109K [0x0000000704a00000, 0x0000000800000000)
  region size 2048K, 2 young (4096K), 2 survivors (4096K)
 Metaspace       used 30780K, committed 31040K, reserved 1114112K
  class space    used 4258K, committed 4352K, reserved 1048576K
}
Event: 67.953 GC heap before
{Heap before GC invocations=9 (full 0):
 garbage-first heap   total 159744K, used 111837K [0x0000000704a00000, 0x0000000800000000)
  region size 2048K, 38 young (77824K), 2 survivors (4096K)
 Metaspace       used 32185K, committed 32512K, reserved 1114112K
  class space    used 4357K, committed 4480K, reserved 1048576K
}
Event: 67.956 GC heap after
{Heap after GC invocations=10 (full 0):
 garbage-first heap   total 159744K, used 39095K [0x0000000704a00000, 0x0000000800000000)
  region size 2048K, 3 young (6144K), 3 survivors (6144K)
 Metaspace       used 32185K, committed 32512K, reserved 1114112K
  class space    used 4357K, committed 4480K, reserved 1048576K
}
Event: 76.216 GC heap before
{Heap before GC invocations=10 (full 0):
 garbage-first heap   total 159744K, used 114871K [0x0000000704a00000, 0x0000000800000000)
  region size 2048K, 40 young (81920K), 3 survivors (6144K)
 Metaspace       used 32327K, committed 32576K, reserved 1114112K
  class space    used 4364K, committed 4480K, reserved 1048576K
}
Event: 76.226 GC heap after
{Heap after GC invocations=11 (full 0):
 garbage-first heap   total 159744K, used 39381K [0x0000000704a00000, 0x0000000800000000)
  region size 2048K, 3 young (6144K), 3 survivors (6144K)
 Metaspace       used 32327K, committed 32576K, reserved 1114112K
  class space    used 4364K, committed 4480K, reserved 1048576K
}

Dll operation events (20 events):
Event: 0.254 Loaded shared library C:\Program Files\Java\Zulu\bin\javafx\api-ms-win-crt-private-l1-1-0.dll
Event: 0.254 Loaded shared library C:\Program Files\Java\Zulu\bin\javafx\api-ms-win-crt-process-l1-1-0.dll
Event: 0.255 Loaded shared library C:\Program Files\Java\Zulu\bin\javafx\api-ms-win-crt-runtime-l1-1-0.dll
Event: 0.256 Loaded shared library C:\Program Files\Java\Zulu\bin\javafx\api-ms-win-crt-stdio-l1-1-0.dll
Event: 0.257 Loaded shared library C:\Program Files\Java\Zulu\bin\javafx\api-ms-win-crt-string-l1-1-0.dll
Event: 0.258 Loaded shared library C:\Program Files\Java\Zulu\bin\javafx\api-ms-win-crt-time-l1-1-0.dll
Event: 0.258 Loaded shared library C:\Program Files\Java\Zulu\bin\javafx\api-ms-win-crt-utility-l1-1-0.dll
Event: 0.259 Loaded shared library C:\Program Files\Java\Zulu\bin\javafx\ucrtbase.dll
Event: 0.260 Loaded shared library C:\Program Files\Java\Zulu\bin\javafx\vcruntime140.dll
Event: 0.261 Loaded shared library C:\Program Files\Java\Zulu\bin\javafx\vcruntime140_1.dll
Event: 0.261 Loaded shared library C:\Program Files\Java\Zulu\bin\javafx\msvcp140.dll
Event: 0.262 Loaded shared library C:\Program Files\Java\Zulu\bin\javafx\msvcp140_1.dll
Event: 0.263 Loaded shared library C:\Program Files\Java\Zulu\bin\javafx\msvcp140_2.dll
Event: 0.281 Loaded shared library C:\Program Files\Java\Zulu\bin\javafx\prism_d3d.dll
Event: 0.343 Loaded shared library C:\Program Files\Java\Zulu\bin\javafx\glass.dll
Event: 0.439 Loaded shared library C:\Program Files\Java\Zulu\bin\awt.dll
Event: 0.800 Loaded shared library C:\Program Files\Java\Zulu\bin\javafx\javafx_font.dll
Event: 1.052 Loaded shared library C:\Program Files\Java\Zulu\bin\verify.dll
Event: 1.171 Loaded shared library C:\Users\lebed\AppData\Local\Temp\sqlite-3.45.3.0-f8bbf72a-2df2-4995-a21e-88c95b6a16b2-sqlitejdbc.dll
Event: 1.195 Loaded shared library C:\Users\lebed\AppData\Local\Temp\nativelib-loader_14965164737586880977\jssc.dll

Deoptimization events (20 events):
Event: 79.154 Thread 0x0000028eebcc4930 DEOPT PACKING pc=0x0000028e8a115264 sp=0x000000eaf16f9e00
Event: 79.154 Thread 0x0000028eebcc4930 DEOPT UNPACKING pc=0x0000028e91487143 sp=0x000000eaf16f9378 mode 1
Event: 79.665 Thread 0x0000028eebcc4930 DEOPT PACKING pc=0x0000028e8a115264 sp=0x000000eaf16f9e00
Event: 79.665 Thread 0x0000028eebcc4930 DEOPT UNPACKING pc=0x0000028e91487143 sp=0x000000eaf16f9378 mode 1
Event: 80.177 Thread 0x0000028eebcc4930 DEOPT PACKING pc=0x0000028e8a115264 sp=0x000000eaf16f9e00
Event: 80.177 Thread 0x0000028eebcc4930 DEOPT UNPACKING pc=0x0000028e91487143 sp=0x000000eaf16f9378 mode 1
Event: 80.688 Thread 0x0000028eebcc4930 DEOPT PACKING pc=0x0000028e8a115264 sp=0x000000eaf16f9e00
Event: 80.688 Thread 0x0000028eebcc4930 DEOPT UNPACKING pc=0x0000028e91487143 sp=0x000000eaf16f9378 mode 1
Event: 81.204 Thread 0x0000028eebcc4930 DEOPT PACKING pc=0x0000028e8a115264 sp=0x000000eaf16f9e00
Event: 81.204 Thread 0x0000028eebcc4930 DEOPT UNPACKING pc=0x0000028e91487143 sp=0x000000eaf16f9378 mode 1
Event: 81.711 Thread 0x0000028eebcc4930 DEOPT PACKING pc=0x0000028e8a115264 sp=0x000000eaf16f9e00
Event: 81.711 Thread 0x0000028eebcc4930 DEOPT UNPACKING pc=0x0000028e91487143 sp=0x000000eaf16f9378 mode 1
Event: 122.852 Thread 0x0000028ea49164f0 Uncommon trap: trap_request=0xffffffc6 fr.pc=0x0000028e920227d8 relative=0x0000000000000718
Event: 122.852 Thread 0x0000028ea49164f0 Uncommon trap: reason=bimorphic_or_optimized_type_check action=maybe_recompile pc=0x0000028e920227d8 method=java.util.Hashtable.get(Ljava/lang/Object;)Ljava/lang/Object; @ 6 c2
Event: 122.852 Thread 0x0000028ea49164f0 DEOPT PACKING pc=0x0000028e920227d8 sp=0x000000eaefaff480
Event: 122.852 Thread 0x0000028ea49164f0 DEOPT UNPACKING pc=0x0000028e914869a3 sp=0x000000eaefaff440 mode 2
Event: 122.854 Thread 0x0000028eeb375310 DEOPT PACKING pc=0x0000028e8a11e72c sp=0x000000eaf11fec90
Event: 122.854 Thread 0x0000028eeb375310 DEOPT UNPACKING pc=0x0000028e91487143 sp=0x000000eaf11fe1b8 mode 1
Event: 122.854 Thread 0x0000028eeba07fd0 DEOPT PACKING pc=0x0000028e8a19f14c sp=0x000000eaf04ff6d0
Event: 122.854 Thread 0x0000028eeba07fd0 DEOPT UNPACKING pc=0x0000028e91487143 sp=0x000000eaf04feb30 mode 1

Classes unloaded (0 events):
No events

Classes redefined (0 events):
No events

Internal exceptions (20 events):
Event: 1.671 Thread 0x0000028eebcc4930 Exception <a 'java/lang/NoSuchMethodError'{0x0000000706f0c4d8}: 'java.lang.Object java.lang.invoke.DirectMethodHandle$Holder.invokeSpecial(java.lang.Object, java.lang.Object, double, java.lang.Object)'> (0x0000000706f0c4d8) 
thrown [s\src\hotspot\share\interpreter\linkResolver.cpp, line 759]
Event: 1.673 Thread 0x0000028eebcc4930 Exception <a 'java/lang/NoSuchMethodError'{0x0000000706f13e18}: 'java.lang.Object java.lang.invoke.DirectMethodHandle$Holder.newInvokeSpecial(java.lang.Object, java.lang.Object, double)'> (0x0000000706f13e18) 
thrown [s\src\hotspot\share\interpreter\linkResolver.cpp, line 759]
Event: 1.673 Thread 0x0000028eebcc4930 Exception <a 'java/lang/NoSuchMethodError'{0x0000000706f18230}: 'java.lang.Object java.lang.invoke.DirectMethodHandle$Holder.invokeSpecial(java.lang.Object, java.lang.Object, java.lang.Object, double)'> (0x0000000706f18230) 
thrown [s\src\hotspot\share\interpreter\linkResolver.cpp, line 759]
Event: 2.260 Thread 0x0000028eebcc4930 Implicit null exception at 0x0000028e91e1d2ec to 0x0000028e91e1d430
Event: 6.887 Thread 0x0000028eebff78e0 Exception <a 'java/lang/NoSuchMethodError'{0x0000000710fd69c8}: 'java.lang.Object java.lang.invoke.Invokers$Holder.linkToTargetMethod(java.lang.Object, java.lang.Object, int, java.lang.Object, java.lang.Object)'> (0x0000000710fd69c8) 
thrown [s\src\hotspot\share\interpreter\linkResolver.cpp, line 759]
Event: 6.993 Thread 0x0000028eebff78e0 Exception <a 'sun/nio/fs/WindowsException'{0x0000000710c226a0}> (0x0000000710c226a0) 
thrown [s\src\hotspot\share\prims\jni.cpp, line 516]
Event: 8.968 Thread 0x0000028eebcc4930 Implicit null exception at 0x0000028e91ec48fb to 0x0000028e91ec4d24
Event: 8.969 Thread 0x0000028eebcc4930 Implicit null exception at 0x0000028e91ec4540 to 0x0000028e91ec458c
Event: 8.969 Thread 0x0000028eebcc4930 Implicit null exception at 0x0000028e91e60bbc to 0x0000028e91e6e950
Event: 8.992 Thread 0x0000028eebcc4930 Implicit null exception at 0x0000028e91ea2bc8 to 0x0000028e91ea7770
Event: 8.996 Thread 0x0000028eebcc4930 Exception <a 'java/lang/NoSuchMethodError'{0x000000070be8ca40}: 'long java.lang.invoke.DirectMethodHandle$Holder.invokeStatic(java.lang.Object, java.lang.Object, java.lang.Object)'> (0x000000070be8ca40) 
thrown [s\src\hotspot\share\interpreter\linkResolver.cpp, line 759]
Event: 8.996 Thread 0x0000028eebcc4930 Exception <a 'java/lang/NoSuchMethodError'{0x000000070be901e8}: 'long java.lang.invoke.DirectMethodHandle$Holder.invokeStaticInit(java.lang.Object, java.lang.Object, java.lang.Object)'> (0x000000070be901e8) 
thrown [s\src\hotspot\share\interpreter\linkResolver.cpp, line 759]
Event: 8.997 Thread 0x0000028eebcc4930 Exception <a 'java/lang/NoSuchMethodError'{0x000000070bea7de8}: 'java.lang.Object java.lang.invoke.DirectMethodHandle$Holder.newInvokeSpecial(java.lang.Object, java.lang.Object, long)'> (0x000000070bea7de8) 
thrown [s\src\hotspot\share\interpreter\linkResolver.cpp, line 759]
Event: 8.997 Thread 0x0000028eebcc4930 Exception <a 'java/lang/NoSuchMethodError'{0x000000070beab958}: 'java.lang.Object java.lang.invoke.Invokers$Holder.linkToTargetMethod(java.lang.Object, long, java.lang.Object)'> (0x000000070beab958) 
thrown [s\src\hotspot\share\interpreter\linkResolver.cpp, line 759]
Event: 9.003 Thread 0x0000028eeb375310 Exception <a 'java/lang/NoSuchMethodError'{0x000000070d242ab0}: 'java.lang.Object java.lang.invoke.DirectMethodHandle$Holder.invokeStaticInit(java.lang.Object, int)'> (0x000000070d242ab0) 
thrown [s\src\hotspot\share\interpreter\linkResolver.cpp, line 759]
Event: 15.603 Thread 0x0000028eebcc4930 Exception <a 'java/lang/reflect/InvocationTargetException'{0x00000007110dff80}> (0x00000007110dff80) 
thrown [s\src\hotspot\share\runtime\reflection.cpp, line 1121]
Event: 71.452 Thread 0x0000028eebcc4930 Implicit null exception at 0x0000028e9201b1d0 to 0x0000028e9201c06c
Event: 71.474 Thread 0x0000028eebcc4930 Exception <a 'java/lang/NoSuchMethodError'{0x000000070b7515c0}: 'java.lang.Object java.lang.invoke.DirectMethodHandle$Holder.newInvokeSpecial(java.lang.Object, java.lang.Object, int, int, int, int, int, java.lang.Object)'> (0x000000070b7515c0) 
thrown [s\src\hotspot\share\interpreter\linkResolver.cpp, line 759]
Event: 71.475 Thread 0x0000028eebcc4930 Exception <a 'java/lang/NoSuchMethodError'{0x000000070b7645a0}: 'java.lang.Object java.lang.invoke.DirectMethodHandle$Holder.newInvokeSpecial(java.lang.Object, java.lang.Object, java.lang.Object, int, int, int, int, int)'> (0x000000070b7645a0) 
thrown [s\src\hotspot\share\interpreter\linkResolver.cpp, line 759]
Event: 71.475 Thread 0x0000028eebcc4930 Exception <a 'java/lang/NoSuchMethodError'{0x000000070b76be00}: 'java.lang.Object java.lang.invoke.Invokers$Holder.linkToTargetMethod(java.lang.Object, java.lang.Object, int, int, int, int, int, java.lang.Object)'> (0x000000070b76be00) 
thrown [s\src\hotspot\share\interpreter\linkResolver.cpp, line 759]

VM Operations (20 events):
Event: 117.935 Executing VM operation: get/set locals done
Event: 117.935 Executing VM operation: get/set locals
Event: 117.936 Executing VM operation: get/set locals done
Event: 117.936 Executing VM operation: get/set locals
Event: 117.936 Executing VM operation: get/set locals done
Event: 118.635 Executing VM operation: ChangeSingleStep
Event: 118.635 Executing VM operation: ChangeSingleStep done
Event: 120.249 Executing VM operation: HandshakeAllThreads
Event: 120.249 Executing VM operation: HandshakeAllThreads done
Event: 122.824 Executing VM operation: ChangeBreakpoints
Event: 122.824 Executing VM operation: ChangeBreakpoints done
Event: 122.826 Executing VM operation: ChangeSingleStep
Event: 122.826 Executing VM operation: ChangeSingleStep done
Event: 122.826 Executing VM operation: ChangeBreakpoints
Event: 122.826 Executing VM operation: ChangeBreakpoints done
Event: 122.826 Executing VM operation: ChangeBreakpoints
Event: 122.826 Executing VM operation: ChangeBreakpoints done
Event: 122.826 Executing VM operation: ChangeBreakpoints
Event: 122.826 Executing VM operation: ChangeBreakpoints done
Event: 122.965 Executing VM operation: Exit

Events (20 events):
Event: 82.844 loading class java/io/DataOutputStream
Event: 82.844 loading class java/io/DataOutputStream done
Event: 122.805 Thread 0x0000028eeb186a90 Thread exited: 0x0000028eeb186a90
Event: 122.828 Thread 0x0000028eeb77ac80 Thread exited: 0x0000028eeb77ac80
Event: 122.852 loading class jdk/internal/misc/Signal$1
Event: 122.852 loading class jdk/internal/misc/Signal$1 done
Event: 122.852 Thread 0x0000028eebff9230 Thread added: 0x0000028eebff9230
Event: 122.853 Thread 0x0000028eebff9c50 Thread added: 0x0000028eebff9c50
Event: 122.853 Thread 0x0000028eeba0ef30 Thread added: 0x0000028eeba0ef30
Event: 122.853 Thread 0x0000028eeba07fd0 Thread added: 0x0000028eeba07fd0
Event: 122.853 Thread 0x0000028eeba0ea20 Thread added: 0x0000028eeba0ea20
Event: 122.853 Thread 0x0000028eeba0ef30 Thread exited: 0x0000028eeba0ef30
Event: 122.853 loading class com/sun/javafx/tk/quantum/QuantumRenderer
Event: 122.853 loading class com/sun/javafx/tk/quantum/QuantumRenderer done
Event: 122.854 loading class com/sun/javafx/tk/quantum/QuantumToolkit
Event: 122.854 loading class com/sun/javafx/tk/quantum/QuantumToolkit done
Event: 122.854 Thread 0x0000028eeba07fd0 Thread exited: 0x0000028eeba07fd0
Event: 122.865 Thread 0x0000028eeb375310 Thread exited: 0x0000028eeb375310
Event: 122.873 Thread 0x0000028eebff8300 Thread exited: 0x0000028eebff8300
Event: 122.964 Thread 0x0000028eebff9c50 Thread exited: 0x0000028eebff9c50


Dynamic libraries:
0x00007ff6301b0000 - 0x00007ff6301be000 	C:\Program Files\Java\Zulu\bin\java.exe
0x00007fffff090000 - 0x00007fffff288000 	C:\Windows\SYSTEM32\ntdll.dll
0x00007ffffeef0000 - 0x00007ffffefad000 	C:\Windows\System32\KERNEL32.DLL
0x00007ffffcaf0000 - 0x00007ffffcde6000 	C:\Windows\System32\KERNELBASE.dll
0x00007ffffcf30000 - 0x00007ffffd030000 	C:\Windows\System32\ucrtbase.dll
0x00007ffff3d80000 - 0x00007ffff3d9b000 	C:\Program Files\Java\Zulu\bin\VCRUNTIME140.dll
0x00007ffff30b0000 - 0x00007ffff30c9000 	C:\Program Files\Java\Zulu\bin\jli.dll
0x00007ffffdc40000 - 0x00007ffffdddf000 	C:\Windows\System32\USER32.dll
0x00007ffffd030000 - 0x00007ffffd052000 	C:\Windows\System32\win32u.dll
0x00007fffe7e30000 - 0x00007fffe80ca000 	C:\Windows\WinSxS\amd64_microsoft.windows.common-controls_6595b64144ccf1df_6.0.19041.4355_none_60b8b9eb71f62e16\COMCTL32.dll
0x00007ffffd860000 - 0x00007ffffd88b000 	C:\Windows\System32\GDI32.dll
0x00007ffffefb0000 - 0x00007fffff04e000 	C:\Windows\System32\msvcrt.dll
0x00007ffffc750000 - 0x00007ffffc867000 	C:\Windows\System32\gdi32full.dll
0x00007ffffc870000 - 0x00007ffffc90d000 	C:\Windows\System32\msvcp_win.dll
0x00007ffffdbb0000 - 0x00007ffffdbdf000 	C:\Windows\System32\IMM32.DLL
0x00007ffff5680000 - 0x00007ffff568c000 	C:\Program Files\Java\Zulu\bin\vcruntime140_1.dll
0x00007fffeee00000 - 0x00007fffeee8d000 	C:\Program Files\Java\Zulu\bin\msvcp140.dll
0x00007fff63020000 - 0x00007fff63c89000 	C:\Program Files\Java\Zulu\bin\server\jvm.dll
0x00007ffffd8a0000 - 0x00007ffffd950000 	C:\Windows\System32\ADVAPI32.dll
0x00007ffffd0d0000 - 0x00007ffffd170000 	C:\Windows\System32\sechost.dll
0x00007ffffeb10000 - 0x00007ffffec33000 	C:\Windows\System32\RPCRT4.dll
0x00007ffffc960000 - 0x00007ffffc987000 	C:\Windows\System32\bcrypt.dll
0x00007ffffbc90000 - 0x00007ffffbcdb000 	C:\Windows\SYSTEM32\POWRPROF.dll
0x00007ffff0ba0000 - 0x00007ffff0baa000 	C:\Windows\SYSTEM32\VERSION.dll
0x00007fffef5f0000 - 0x00007fffef617000 	C:\Windows\SYSTEM32\WINMM.dll
0x00007fffd4e70000 - 0x00007fffd4e79000 	C:\Windows\SYSTEM32\WSOCK32.dll
0x00007ffffd950000 - 0x00007ffffd9bb000 	C:\Windows\System32\WS2_32.dll
0x00007ffffbb00000 - 0x00007ffffbb12000 	C:\Windows\SYSTEM32\UMPDC.dll
0x00007ffffaf20000 - 0x00007ffffaf32000 	C:\Windows\SYSTEM32\kernel.appcore.dll
0x00007ffff5660000 - 0x00007ffff566a000 	C:\Program Files\Java\Zulu\bin\jimage.dll
0x00007ffff9e70000 - 0x00007ffffa054000 	C:\Windows\SYSTEM32\DBGHELP.DLL
0x00007fffeb330000 - 0x00007fffeb364000 	C:\Windows\SYSTEM32\dbgcore.DLL
0x00007ffffcea0000 - 0x00007ffffcf22000 	C:\Windows\System32\bcryptPrimitives.dll
0x00007ffff22a0000 - 0x00007ffff22db000 	C:\Program Files\Java\Zulu\bin\jdwp.dll
0x00007ffff30a0000 - 0x00007ffff30ae000 	C:\Program Files\Java\Zulu\bin\instrument.dll
0x00007ffff22e0000 - 0x00007ffff2305000 	C:\Program Files\Java\Zulu\bin\java.dll
0x00007ffff2230000 - 0x00007ffff2248000 	C:\Program Files\Java\Zulu\bin\zip.dll
0x00007fffeed20000 - 0x00007fffeedf7000 	C:\Program Files\Java\Zulu\bin\jsvml.dll
0x00007ffffde60000 - 0x00007ffffe5cc000 	C:\Windows\System32\SHELL32.dll
0x00007ffffa770000 - 0x00007ffffaf0d000 	C:\Windows\SYSTEM32\windows.storage.dll
0x00007ffffd500000 - 0x00007ffffd853000 	C:\Windows\System32\combase.dll
0x00007ffffc090000 - 0x00007ffffc0be000 	C:\Windows\SYSTEM32\Wldp.dll
0x00007ffffee20000 - 0x00007ffffeeed000 	C:\Windows\System32\OLEAUT32.dll
0x00007ffffea60000 - 0x00007ffffeb0d000 	C:\Windows\System32\SHCORE.dll
0x00007ffffd320000 - 0x00007ffffd375000 	C:\Windows\System32\shlwapi.dll
0x00007ffffc680000 - 0x00007ffffc6a4000 	C:\Windows\SYSTEM32\profapi.dll
0x00007ffff2210000 - 0x00007ffff2229000 	C:\Program Files\Java\Zulu\bin\net.dll
0x00007ffff5f40000 - 0x00007ffff604a000 	C:\Windows\SYSTEM32\WINHTTP.dll
0x00007ffffbe70000 - 0x00007ffffbeda000 	C:\Windows\system32\mswsock.dll
0x00007ffff1bb0000 - 0x00007ffff1bc6000 	C:\Program Files\Java\Zulu\bin\nio.dll
0x00007ffff2550000 - 0x00007ffff255c000 	C:\Program Files\Java\Zulu\bin\dt_socket.dll
0x00007ffffbb20000 - 0x00007ffffbb5b000 	C:\Windows\SYSTEM32\IPHLPAPI.DLL
0x0000028ea5910000 - 0x0000028ea5914000 	C:\Program Files\Java\Zulu\bin\javafx\api-ms-win-core-console-l1-1-0.dll
0x0000028ea5920000 - 0x0000028ea5924000 	C:\Program Files\Java\Zulu\bin\javafx\api-ms-win-core-console-l1-2-0.dll
0x0000028ea5930000 - 0x0000028ea5934000 	C:\Program Files\Java\Zulu\bin\javafx\api-ms-win-core-datetime-l1-1-0.dll
0x0000028ea5940000 - 0x0000028ea5944000 	C:\Program Files\Java\Zulu\bin\javafx\api-ms-win-core-debug-l1-1-0.dll
0x0000028ea5950000 - 0x0000028ea5954000 	C:\Program Files\Java\Zulu\bin\javafx\api-ms-win-core-errorhandling-l1-1-0.dll
0x0000028ea5960000 - 0x0000028ea5965000 	C:\Program Files\Java\Zulu\bin\javafx\api-ms-win-core-file-l1-1-0.dll
0x0000028ea5970000 - 0x0000028ea5974000 	C:\Program Files\Java\Zulu\bin\javafx\api-ms-win-core-file-l1-2-0.dll
0x0000028ea5980000 - 0x0000028ea5984000 	C:\Program Files\Java\Zulu\bin\javafx\api-ms-win-core-file-l2-1-0.dll
0x0000028ea5990000 - 0x0000028ea5994000 	C:\Program Files\Java\Zulu\bin\javafx\api-ms-win-core-handle-l1-1-0.dll
0x0000028ea59a0000 - 0x0000028ea59a4000 	C:\Program Files\Java\Zulu\bin\javafx\api-ms-win-core-heap-l1-1-0.dll
0x0000028ea59b0000 - 0x0000028ea59b4000 	C:\Program Files\Java\Zulu\bin\javafx\api-ms-win-core-interlocked-l1-1-0.dll
0x0000028ea59c0000 - 0x0000028ea59c4000 	C:\Program Files\Java\Zulu\bin\javafx\api-ms-win-core-libraryloader-l1-1-0.dll
0x0000028ea59d0000 - 0x0000028ea59d4000 	C:\Program Files\Java\Zulu\bin\javafx\api-ms-win-core-localization-l1-2-0.dll
0x0000028ea59e0000 - 0x0000028ea59e4000 	C:\Program Files\Java\Zulu\bin\javafx\api-ms-win-core-memory-l1-1-0.dll
0x0000028ea59f0000 - 0x0000028ea59f4000 	C:\Program Files\Java\Zulu\bin\javafx\api-ms-win-core-namedpipe-l1-1-0.dll
0x0000028ea5a00000 - 0x0000028ea5a04000 	C:\Program Files\Java\Zulu\bin\javafx\api-ms-win-core-processenvironment-l1-1-0.dll
0x0000028ea5a10000 - 0x0000028ea5a14000 	C:\Program Files\Java\Zulu\bin\javafx\api-ms-win-core-processthreads-l1-1-0.dll
0x0000028ea5a20000 - 0x0000028ea5a24000 	C:\Program Files\Java\Zulu\bin\javafx\api-ms-win-core-processthreads-l1-1-1.dll
0x0000028ea5a30000 - 0x0000028ea5a34000 	C:\Program Files\Java\Zulu\bin\javafx\api-ms-win-core-profile-l1-1-0.dll
0x0000028ea5a40000 - 0x0000028ea5a44000 	C:\Program Files\Java\Zulu\bin\javafx\api-ms-win-core-rtlsupport-l1-1-0.dll
0x0000028ea5a50000 - 0x0000028ea5a54000 	C:\Program Files\Java\Zulu\bin\javafx\api-ms-win-core-string-l1-1-0.dll
0x0000028ea5a60000 - 0x0000028ea5a64000 	C:\Program Files\Java\Zulu\bin\javafx\api-ms-win-core-synch-l1-1-0.dll
0x0000028ea5a70000 - 0x0000028ea5a74000 	C:\Program Files\Java\Zulu\bin\javafx\api-ms-win-core-synch-l1-2-0.dll
0x0000028ea5a80000 - 0x0000028ea5a84000 	C:\Program Files\Java\Zulu\bin\javafx\api-ms-win-core-sysinfo-l1-1-0.dll
0x0000028ea5a90000 - 0x0000028ea5a94000 	C:\Program Files\Java\Zulu\bin\javafx\api-ms-win-core-timezone-l1-1-0.dll
0x0000028ea5aa0000 - 0x0000028ea5aa4000 	C:\Program Files\Java\Zulu\bin\javafx\api-ms-win-core-util-l1-1-0.dll
0x0000028ea5ab0000 - 0x0000028ea5ab4000 	C:\Program Files\Java\Zulu\bin\javafx\api-ms-win-crt-conio-l1-1-0.dll
0x0000028ea5ac0000 - 0x0000028ea5ac5000 	C:\Program Files\Java\Zulu\bin\javafx\api-ms-win-crt-convert-l1-1-0.dll
0x0000028ea5ad0000 - 0x0000028ea5ad4000 	C:\Program Files\Java\Zulu\bin\javafx\api-ms-win-crt-environment-l1-1-0.dll
0x0000028ea5ae0000 - 0x0000028ea5ae4000 	C:\Program Files\Java\Zulu\bin\javafx\api-ms-win-crt-filesystem-l1-1-0.dll
0x0000028ea5af0000 - 0x0000028ea5af4000 	C:\Program Files\Java\Zulu\bin\javafx\api-ms-win-crt-heap-l1-1-0.dll
0x0000028ea5b00000 - 0x0000028ea5b04000 	C:\Program Files\Java\Zulu\bin\javafx\api-ms-win-crt-locale-l1-1-0.dll
0x0000028ea5b10000 - 0x0000028ea5b16000 	C:\Program Files\Java\Zulu\bin\javafx\api-ms-win-crt-math-l1-1-0.dll
0x0000028ea5b20000 - 0x0000028ea5b26000 	C:\Program Files\Java\Zulu\bin\javafx\api-ms-win-crt-multibyte-l1-1-0.dll
0x0000028ea5b30000 - 0x0000028ea5b41000 	C:\Program Files\Java\Zulu\bin\javafx\api-ms-win-crt-private-l1-1-0.dll
0x0000028ea5b50000 - 0x0000028ea5b54000 	C:\Program Files\Java\Zulu\bin\javafx\api-ms-win-crt-process-l1-1-0.dll
0x0000028ea5b60000 - 0x0000028ea5b65000 	C:\Program Files\Java\Zulu\bin\javafx\api-ms-win-crt-runtime-l1-1-0.dll
0x0000028ea5b70000 - 0x0000028ea5b75000 	C:\Program Files\Java\Zulu\bin\javafx\api-ms-win-crt-stdio-l1-1-0.dll
0x0000028ea5b80000 - 0x0000028ea5b85000 	C:\Program Files\Java\Zulu\bin\javafx\api-ms-win-crt-string-l1-1-0.dll
0x0000028ea5b90000 - 0x0000028ea5b94000 	C:\Program Files\Java\Zulu\bin\javafx\api-ms-win-crt-time-l1-1-0.dll
0x0000028ea5ba0000 - 0x0000028ea5ba4000 	C:\Program Files\Java\Zulu\bin\javafx\api-ms-win-crt-utility-l1-1-0.dll
0x00007fffce760000 - 0x00007fffce870000 	C:\Program Files\Java\Zulu\bin\javafx\ucrtbase.dll
0x00007ffff1430000 - 0x00007ffff144b000 	C:\Program Files\Java\Zulu\bin\javafx\vcruntime140.dll
0x00007fffef550000 - 0x00007fffef55c000 	C:\Program Files\Java\Zulu\bin\javafx\vcruntime140_1.dll
0x00007fffd20e0000 - 0x00007fffd216e000 	C:\Program Files\Java\Zulu\bin\javafx\msvcp140.dll
0x00007fffef540000 - 0x00007fffef549000 	C:\Program Files\Java\Zulu\bin\javafx\msvcp140_1.dll
0x00007fffeefb0000 - 0x00007fffeeff1000 	C:\Program Files\Java\Zulu\bin\javafx\msvcp140_2.dll
0x00007fffecec0000 - 0x00007fffecef0000 	C:\Program Files\Java\Zulu\bin\javafx\prism_d3d.dll
0x00007fffee770000 - 0x00007fffee93e000 	C:\Windows\system32\d3d9.dll
0x00007ffffa160000 - 0x00007ffffa18f000 	C:\Windows\SYSTEM32\dwmapi.dll
0x00007ffff94f0000 - 0x00007ffff958e000 	C:\Windows\system32\uxtheme.dll
0x00007ffffc300000 - 0x00007ffffc312000 	C:\Windows\SYSTEM32\msasn1.dll
0x00007ffff0b60000 - 0x00007ffff0b91000 	C:\Windows\SYSTEM32\cryptnet.dll
0x00007ffffc990000 - 0x00007ffffcaee000 	C:\Windows\System32\CRYPT32.dll
0x00007ffff1270000 - 0x00007ffff13b7000 	C:\Windows\SYSTEM32\drvstore.dll
0x00007ffffc4f0000 - 0x00007ffffc523000 	C:\Windows\SYSTEM32\devobj.dll
0x00007ffffc910000 - 0x00007ffffc95e000 	C:\Windows\System32\cfgmgr32.dll
0x00007ffffc000000 - 0x00007ffffc00c000 	C:\Windows\SYSTEM32\cryptbase.dll
0x00007ffffd060000 - 0x00007ffffd0c9000 	C:\Windows\System32\WINTRUST.DLL
0x00007ffffea40000 - 0x00007ffffea5d000 	C:\Windows\System32\imagehlp.dll
0x00007ffffc0d0000 - 0x00007ffffc0e8000 	C:\Windows\SYSTEM32\CRYPTSP.dll
0x00007ffffb740000 - 0x00007ffffb774000 	C:\Windows\system32\rsaenh.dll
0x00007ffffaf90000 - 0x00007ffffb082000 	C:\Windows\SYSTEM32\dxgi.dll
0x00007ffff0290000 - 0x00007ffff02cb000 	C:\Windows\SYSTEM32\dxcore.dll
0x00007ffffe5d0000 - 0x00007ffffea3e000 	C:\Windows\System32\SETUPAPI.dll
0x00007fffe17b0000 - 0x00007fffe5ced000 	C:\Windows\System32\DriverStore\FileRepository\iigd_dch.inf_amd64_894303f2f659da5c\igc64.dll
0x00007ffffecf0000 - 0x00007ffffee1b000 	C:\Windows\System32\ole32.dll
0x00007ffffc630000 - 0x00007ffffc65e000 	C:\Windows\SYSTEM32\USERENV.dll
0x00007fffa6130000 - 0x00007fffa84cb000 	C:\Windows\System32\DriverStore\FileRepository\iigd_dch.inf_amd64_894303f2f659da5c\igd12dxva64.dll
0x00007ffff2770000 - 0x00007ffff2973000 	C:\Windows\SYSTEM32\twinapi.appcore.dll
0x00007fffeb440000 - 0x00007fffeb485000 	C:\Program Files\Java\Zulu\bin\javafx\glass.dll
0x00007ffffda70000 - 0x00007ffffdb4a000 	C:\Windows\System32\COMDLG32.dll
0x00007ffffd3e0000 - 0x00007ffffd4f4000 	C:\Windows\System32\MSCTF.dll
0x00007ffffaf40000 - 0x00007ffffaf63000 	C:\Windows\SYSTEM32\gpapi.dll
0x00007ffffec40000 - 0x00007ffffece9000 	C:\Windows\System32\clbcatq.dll
0x00007fffc87f0000 - 0x00007fffc892f000 	C:\Windows\System32\Windows.UI.dll

dbghelp: loaded successfully - version: 4.0.5 - missing functions: none
symbol engine: initialized successfully - sym options: 0x614 - pdb path: .;C:\Program Files\Java\Zulu\bin;C:\Windows\SYSTEM32;C:\Windows\WinSxS\amd64_microsoft.windows.common-controls_6595b64144ccf1df_6.0.19041.4355_none_60b8b9eb71f62e16;C:\Program Files\Java\Zulu\bin\server;C:\Program Files\Java\Zulu\bin\javafx;C:\Windows\System32\DriverStore\FileRepository\nvmi.inf_amd64_83f1f677a32cc9d3;C:\Windows\System32\DriverStore\FileRepository\iigd_dch.inf_amd64_894303f2f659da5c;C:\Users\lebed\AppData\Local\Temp;C:\Users\lebed\AppData\Local\Temp\nativelib-loader_14965164737586880977;C:\Program Files\Common Files\Microsoft Shared\Ink

VM Arguments:
jvm_args: -agentlib:jdwp=transport=dt_socket,address=127.0.0.1:64694,suspend=y,server=n -javaagent:C:\Users\lebed\AppData\Local\JetBrains\IdeaIC2024.1\captureAgent\debugger-agent.jar -Dfile.encoding=UTF-8 --module-path=C:\Users\lebed\.m2\repository\org\openjfx\javafx-fxml\17.0.6\javafx-fxml-17.0.6-win.jar;C:\Users\lebed\.m2\repository\io\github\java-native\jssc\2.9.6\jssc-2.9.6.jar;C:\Users\lebed\.m2\repository\org\codehaus\woodstox\stax2-api\4.2.2\stax2-api-4.2.2.jar;C:\Users\lebed\.m2\repository\org\openjfx\javafx-graphics\17.0.6\javafx-graphics-17.0.6-win.jar;C:\Users\lebed\.m2\repository\org\scijava\native-lib-loader\2.5.0\native-lib-loader-2.5.0.jar;C:\Users\lebed\.m2\repository\org\kordamp\ikonli\ikonli-javafx\12.3.1\ikonli-javafx-12.3.1.jar;C:\Users\lebed\.m2\repository\com\fasterxml\woodstox\woodstox-core\6.6.1\woodstox-core-6.6.1.jar;C:\Users\lebed\.m2\repository\org\slf4j\slf4j-api\1.7.32\slf4j-api-1.7.32.jar;C:\Users\lebed\.m2\repository\org\openjfx\javafx-base\17.0.6\javafx-base-17.0.6-win.jar;C:\Users\lebed\.m2\repository\com\fasterxml\jackson\dataformat\jackson-dataformat-xml\2.17.0\jackson-dataformat-xml-2.17.0.jar;D:\Projects\JAVA\TechnopromProjectsJava\MMSD_AL\target\classes;C:\Users\lebed\.m2\repository\com\fasterxml\jackson\core\jackson-annotations\2.17.0\jackson-annotations-2.17.0.jar;C:\Users\lebed\.m2\repository\com\fasterxml\jackson\core\jackson-core\2.17.0\jackson-core-2.17.0.jar;C:\Users\lebed\.m2\repository\org\xerial\sqlite-jdbc\3.45.3.0\sqlite-jdbc-3.45.3.0.jar;C:\Users\lebed\.m2\repository\org\openjfx\javafx-controls\17.0.6\javafx-controls-17.0.6-win.jar;C:\Users\lebed\.m2\repository\org\controlsfx\controlsfx\11.1.2\controlsfx-11.1.2.jar;C:\Users\lebed\.m2\repository\com\fasterxml\jackson\core\jackson-databind\2.17.0\jackson-databind-2.17.0.jar;C:\Users\lebed\.m2\repository\org\kordamp\bootstrapfx\bootstrapfx-core\0.4.0\bootstrapfx-core-0.4.0.jar;C:\Users\lebed\.m2\repository\com\intelligt\modbus\jlibmodbus\1.2.9.9\jlibmodbus-1.2.9.9.jar;C:\Users\lebed\.m2\repository\org\jetbrains\annotations\13.0\annotations-13.0.jar;C:\Users\lebed\.m2\repository\com\dlsc\formsfx\formsfx-core\11.6.0\formsfx-core-11.6.0.jar;C:\Users\lebed\.m2\repository\-Djdk.module.main=org.example.mmsd_al 
java_command: org.example.mmsd_al/org.example.mmsd_al.Main
java_class_path (initial): C:\Users\lebed\.m2\repository\org\openjfx\javafx-controls\17.0.6\javafx-controls-17.0.6.jar;C:\Users\lebed\.m2\repository\org\openjfx\javafx-graphics\17.0.6\javafx-graphics-17.0.6.jar;C:\Users\lebed\.m2\repository\org\openjfx\javafx-base\17.0.6\javafx-base-17.0.6.jar;C:\Users\lebed\.m2\repository\org\openjfx\javafx-fxml\17.0.6\javafx-fxml-17.0.6.jar;C:\Users\lebed\.m2\repository\org\apache\maven\plugins\maven-shade-plugin\3.4.1\maven-shade-plugin-3.4.1.jar;C:\Users\lebed\.m2\repository\org\codehaus\plexus\plexus-utils\3.4.2\plexus-utils-3.4.2.jar;C:\Users\lebed\.m2\repository\org\apache\maven\shared\maven-artifact-transfer\0.13.1\maven-artifact-transfer-0.13.1.jar;C:\Users\lebed\.m2\repository\org\apache\maven\maven-core\3.0\maven-core-3.0.jar;C:\Users\lebed\.m2\repository\org\apache\maven\maven-model\3.0\maven-model-3.0.jar;C:\Users\lebed\.m2\repository\org\apache\maven\maven-settings\3.0\maven-settings-3.0.jar;C:\Users\lebed\.m2\repository\org\apache\maven\maven-settings-builder\3.0\maven-settings-builder-3.0.jar;C:\Users\lebed\.m2\repository\org\apache\maven\maven-repository-metadata\3.0\maven-repository-metadata-3.0.jar;C:\Users\lebed\.m2\repository\org\apache\maven\maven-plugin-api\3.0\maven-plugin-api-3.0.jar;C:\Users\lebed\.m2\repository\org\apache\maven\maven-model-builder\3.0\maven-model-builder-3.0.jar;C:\Users\lebed\.m2\repository\org\apache\maven\maven-aether-provider\3.0\maven-aether-provider-3.0.jar;C:\Users\lebed\.m2\repository\org\sonatype\aether\aether-impl\1.7\aether-impl-1.7.jar;C:\Users\lebed\.m2\repository\org\sonatype\aether\aether-spi\1.7\aether-spi-1.7.jar;C:\Users\lebed\.m2\repository\org\sonatype\aether\aether-api\1.7\aether-api-1.7.jar;C:\Users\lebed\.m2\repository\org\sonatype\aether\aether-util\1.7\aether-util-1.7.jar;C:\Users\lebed\.m2\repository\org\codehaus\plexus\plexus-interpolation\1.14\plexus-interpolation-1.14.jar;C:\Users\lebed\.m2\repository\org\codehaus\plexus\plexus-classworlds\2.2.3\plexus-classw
Launcher Type: SUN_STANDARD

[Global flags]
     intx CICompilerCount                          = 12                                        {product} {ergonomic}
     uint ConcGCThreads                            = 3                                         {product} {ergonomic}
     uint G1ConcRefinementThreads                  = 13                                        {product} {ergonomic}
   size_t G1HeapRegionSize                         = 2097152                                   {product} {ergonomic}
    uintx GCDrainStackTargetSize                   = 64                                        {product} {ergonomic}
   size_t InitialHeapSize                          = 264241152                                 {product} {ergonomic}
   size_t MarkStackSize                            = 4194304                                   {product} {ergonomic}
   size_t MaxHeapSize                              = 4217372672                                {product} {ergonomic}
   size_t MaxNewSize                               = 2529165312                                {product} {ergonomic}
   size_t MinHeapDeltaBytes                        = 2097152                                   {product} {ergonomic}
   size_t MinHeapSize                              = 8388608                                   {product} {ergonomic}
    uintx NonNMethodCodeHeapSize                   = 7602480                                {pd product} {ergonomic}
    uintx NonProfiledCodeHeapSize                  = 122027880                              {pd product} {ergonomic}
    uintx ProfiledCodeHeapSize                     = 122027880                              {pd product} {ergonomic}
    uintx ReservedCodeCacheSize                    = 251658240                              {pd product} {ergonomic}
     bool SegmentedCodeCache                       = true                                      {product} {ergonomic}
   size_t SoftMaxHeapSize                          = 4217372672                             {manageable} {ergonomic}
     bool UseCompressedClassPointers               = true                           {product lp64_product} {ergonomic}
     bool UseCompressedOops                        = true                           {product lp64_product} {ergonomic}
     bool UseG1GC                                  = true                                      {product} {ergonomic}
     bool UseLargePagesIndividualAllocation        = false                                  {pd product} {ergonomic}

Logging:
Log output configuration:
 #0: stdout all=off uptime,level,tags
 #1: stderr all=off uptime,level,tags

Environment Variables:
CLASSPATH=D:\Projects\JAVA\LibAndJar\JDBS\sqlite-jdbc-3.45.3.0.jar
PATH=C:\Program Files\Java\Zulu\bin\;C:\Program Files\Common Files\Oracle\Java\javapath;C:\Program Files (x86)\Common Files\Oracle\Java\java8path;C:\Program Files (x86)\Common Files\Oracle\Java\javapath;C:\Windows\system32;C:\Windows;C:\Windows\System32\Wbem;C:\Windows\System32\WindowsPowerShell\v1.0\;C:\Windows\System32\OpenSSH\;C:\Program Files\dotnet\;C:\Program Files (x86)\NVIDIA Corporation\PhysX\Common;C:\Program Files\Microsoft SQL Server\150\Tools\Binn\;C:\Program Files\Microsoft SQL Server\Client SDK\ODBC\170\Tools\Binn\;C:\Program Files (x86)\Windows Kits\10\Windows Performance Toolkit\;C:\Program Files\PuTTY\;C:\Program Files\Git\cmd;C:\Program Files\MySQL\MySQL Shell 8.0\bin\;C:\Users\lebed\AppData\Local\Microsoft\WindowsApps;C:\Users\lebed\.dotnet\tools;C:\Program Files\JetBrains\IntelliJ IDEA Community Edition 2023.3.2\bin;;C:\Program Files\JetBrains\JetBrains Rider 2023.3.2\bin;;
USERNAME=lebed
OS=Windows_NT
PROCESSOR_IDENTIFIER=Intel64 Family 6 Model 154 Stepping 3, GenuineIntel
TMP=C:\Users\lebed\AppData\Local\Temp
TEMP=C:\Users\lebed\AppData\Local\Temp



Periodic native trim disabled


---------------  S Y S T E M  ---------------

OS:
 Windows 10 , 64 bit Build 19041 (10.0.19041.3636)
OS uptime: 5 days 18:02 hours
Hyper-V role detected

CPU: total 16 (initial active 16) (8 cores per cpu, 2 threads per core) family 6 model 154 stepping 3 microcode 0x41f, cx8, cmov, fxsr, ht, mmx, 3dnowpref, sse, sse2, sse3, ssse3, sse4.1, sse4.2, popcnt, lzcnt, tsc, tscinvbit, avx, avx2, aes, erms, clmul, bmi1, bmi2, adx, sha, fma, vzeroupper, clflush, clflushopt, clwb, hv
Processor Information for processor 0
  Max Mhz: 2700, Current Mhz: 2700, Mhz Limit: 2700
Processor Information for processor 1
  Max Mhz: 2700, Current Mhz: 2700, Mhz Limit: 2700
Processor Information for processor 2
  Max Mhz: 2700, Current Mhz: 2700, Mhz Limit: 2700
Processor Information for processor 3
  Max Mhz: 2700, Current Mhz: 2700, Mhz Limit: 2700
Processor Information for processor 4
  Max Mhz: 2700, Current Mhz: 2700, Mhz Limit: 2700
Processor Information for processor 5
  Max Mhz: 2700, Current Mhz: 2700, Mhz Limit: 2700
Processor Information for processor 6
  Max Mhz: 2700, Current Mhz: 2700, Mhz Limit: 2700
Processor Information for processor 7
  Max Mhz: 2700, Current Mhz: 2700, Mhz Limit: 2700
Processor Information for processor 8
  Max Mhz: 2700, Current Mhz: 2700, Mhz Limit: 2700
Processor Information for processor 9
  Max Mhz: 2700, Current Mhz: 2700, Mhz Limit: 2700
Processor Information for processor 10
  Max Mhz: 2700, Current Mhz: 2700, Mhz Limit: 2700
Processor Information for processor 11
  Max Mhz: 2700, Current Mhz: 2700, Mhz Limit: 2700
Processor Information for processor 12
  Max Mhz: 2700, Current Mhz: 1995, Mhz Limit: 1971
Processor Information for processor 13
  Max Mhz: 2700, Current Mhz: 1995, Mhz Limit: 1971
Processor Information for processor 14
  Max Mhz: 2700, Current Mhz: 1995, Mhz Limit: 1971
Processor Information for processor 15
  Max Mhz: 2700, Current Mhz: 1995, Mhz Limit: 1971

Memory: 4k page, system-wide physical 16087M (6128M free)
TotalPageFile size 22999M (AvailPageFile size 8246M)
current process WorkingSet (physical memory assigned to process): 279M, peak: 390M
current process commit charge ("private bytes"): 397M, peak: 584M

vm_info: OpenJDK 64-Bit Server VM (17.0.11+9-LTS) for windows-amd64 JRE (17.0.11+9-LTS) (Zulu17.50+19-CA), built on Apr  9 2024 07:30:28 by "zulu_re" with MS VC++ 16.10 / 16.11 (VS2019)

END.
